<?xml version="1.0" encoding="UTF-8"?>
<!-- Generated by org.testng.reporters.JUnitXMLReporter -->
<testsuite hostname="LAPTOP-P8PITMUG" ignored="0" name="Test" tests="4" failures="0" timestamp="2020-05-27T16:29:22 EDT" time="59.258" errors="0">
  <testcase name="ekkebareajaira" time="6.682" classname="TestCases.ajaira"/>
  <testcase name="amazonPractice" time="5.21" classname="TestCases.TC003_ActionsClass"/>
  <testcase name="multiWindows" time="7.998" classname="TestCases.TC004_MultiWindows"/>
  <testcase name="addToCart" time="6.152" classname="TestCases.TC001_RS_AddToCart1"/>
</testsuite> <!-- Test -->
