<?xml version="1.0" encoding="UTF-8"?>
<testng-results skipped="0" failed="0" ignored="0" total="1" passed="1">
  <reporter-output>
  </reporter-output>
  <suite name="Default suite" duration-ms="14043" started-at="2020-05-31T16:32:41 EDT" finished-at="2020-05-31T16:32:55 EDT">
    <groups>
    </groups>
    <test name="Default test" duration-ms="14043" started-at="2020-05-31T16:32:41 EDT" finished-at="2020-05-31T16:32:55 EDT">
      <class name="TestCases.Assignment8">
        <test-method status="PASS" signature="setUpBrowser()[pri:0, instance:TestCases.Assignment8@5e853265]" name="setUpBrowser" is-config="true" duration-ms="5801" started-at="2020-05-31T16:32:41 EDT" finished-at="2020-05-31T16:32:47 EDT">
          <reporter-output>
          </reporter-output>
        </test-method> <!-- setUpBrowser -->
        <test-method status="PASS" signature="assignment()[pri:0, instance:TestCases.Assignment8@5e853265]" name="assignment" duration-ms="5215" started-at="2020-05-31T16:32:47 EDT" finished-at="2020-05-31T16:32:52 EDT">
          <reporter-output>
          </reporter-output>
        </test-method> <!-- assignment -->
        <test-method status="PASS" signature="tearDown()[pri:0, instance:TestCases.Assignment8@5e853265]" name="tearDown" is-config="true" duration-ms="3000" started-at="2020-05-31T16:32:52 EDT" finished-at="2020-05-31T16:32:55 EDT">
          <reporter-output>
          </reporter-output>
        </test-method> <!-- tearDown -->
      </class> <!-- TestCases.Assignment8 -->
    </test> <!-- Default test -->
  </suite> <!-- Default suite -->
</testng-results>
