<?xml version="1.0" encoding="UTF-8"?>
<testng-results skipped="0" failed="1" ignored="0" total="4" passed="3">
  <reporter-output>
  </reporter-output>
  <suite name="Suite" duration-ms="55180" started-at="2020-05-26T14:37:10 EDT" finished-at="2020-05-26T14:38:05 EDT">
    <groups>
    </groups>
    <test name="Test" duration-ms="55180" started-at="2020-05-26T14:37:10 EDT" finished-at="2020-05-26T14:38:05 EDT">
      <class name="TestCases.TC004_MultiWindows">
        <test-method status="PASS" signature="setUpBrowser()[pri:0, instance:TestCases.TC004_MultiWindows@4f063c0a]" name="setUpBrowser" is-config="true" duration-ms="5447" started-at="2020-05-26T14:37:38 EDT" finished-at="2020-05-26T14:37:44 EDT">
          <reporter-output>
          </reporter-output>
        </test-method> <!-- setUpBrowser -->
        <test-method status="PASS" signature="multiWindows()[pri:0, instance:TestCases.TC004_MultiWindows@4f063c0a]" name="multiWindows" duration-ms="6632" started-at="2020-05-26T14:37:44 EDT" finished-at="2020-05-26T14:37:50 EDT">
          <reporter-output>
          </reporter-output>
        </test-method> <!-- multiWindows -->
        <test-method status="PASS" signature="tearDown()[pri:0, instance:TestCases.TC004_MultiWindows@4f063c0a]" name="tearDown" is-config="true" duration-ms="3001" started-at="2020-05-26T14:37:50 EDT" finished-at="2020-05-26T14:37:53 EDT">
          <reporter-output>
          </reporter-output>
        </test-method> <!-- tearDown -->
      </class> <!-- TestCases.TC004_MultiWindows -->
      <class name="TestCases.TC001_RS_AddToCart1">
        <test-method status="PASS" signature="setUpBrowser()[pri:0, instance:TestCases.TC001_RS_AddToCart1@1e6d1014]" name="setUpBrowser" is-config="true" duration-ms="5408" started-at="2020-05-26T14:37:53 EDT" finished-at="2020-05-26T14:37:59 EDT">
          <reporter-output>
          </reporter-output>
        </test-method> <!-- setUpBrowser -->
        <test-method status="PASS" signature="addToCart()[pri:0, instance:TestCases.TC001_RS_AddToCart1@1e6d1014]" name="addToCart" duration-ms="3482" started-at="2020-05-26T14:37:59 EDT" finished-at="2020-05-26T14:38:02 EDT">
          <reporter-output>
          </reporter-output>
        </test-method> <!-- addToCart -->
        <test-method status="PASS" signature="tearDown()[pri:0, instance:TestCases.TC001_RS_AddToCart1@1e6d1014]" name="tearDown" is-config="true" duration-ms="3002" started-at="2020-05-26T14:38:02 EDT" finished-at="2020-05-26T14:38:05 EDT">
          <reporter-output>
          </reporter-output>
        </test-method> <!-- tearDown -->
      </class> <!-- TestCases.TC001_RS_AddToCart1 -->
      <class name="TestCases.TC003_ActionsClass">
        <test-method status="PASS" signature="setUpBrowser()[pri:0, instance:TestCases.TC003_ActionsClass@2a17b7b6]" name="setUpBrowser" is-config="true" duration-ms="5444" started-at="2020-05-26T14:37:24 EDT" finished-at="2020-05-26T14:37:30 EDT">
          <reporter-output>
          </reporter-output>
        </test-method> <!-- setUpBrowser -->
        <test-method status="FAIL" signature="amazonPractice()[pri:0, instance:TestCases.TC003_ActionsClass@2a17b7b6]" name="amazonPractice" duration-ms="5692" started-at="2020-05-26T14:37:30 EDT" finished-at="2020-05-26T14:37:35 EDT">
          <exception class="org.openqa.selenium.JavascriptException">
            <message>
              <![CDATA[javascript error: Failed to execute 'elementsFromPoint' on 'Document': The provided double value is non-finite.
  (Session info: chrome=83.0.4103.61)
Build info: version: '3.141.59', revision: 'e82be7d358', time: '2018-11-14T08:17:03'
System info: host: 'LAPTOP-P8PITMUG', ip: '192.168.0.16', os.name: 'Windows 10', os.arch: 'amd64', os.version: '10.0', java.version: '1.8.0_241'
Driver info: org.openqa.selenium.chrome.ChromeDriver
Capabilities {acceptInsecureCerts: false, browserName: chrome, browserVersion: 83.0.4103.61, chrome: {chromedriverVersion: 83.0.4103.39 (ccbf011cb2d2b..., userDataDir: C:\Users\hasna\AppData\Loca...}, goog:chromeOptions: {debuggerAddress: localhost:55919}, javascriptEnabled: true, networkConnectionEnabled: false, pageLoadStrategy: normal, platform: WINDOWS, platformName: WINDOWS, proxy: Proxy(), setWindowRect: true, strictFileInteractability: false, timeouts: {implicit: 0, pageLoad: 300000, script: 30000}, unhandledPromptBehavior: dismiss and notify, webauthn:virtualAuthenticators: true}
Session ID: 8a0685fb6a64e98402b3a446d247f536]]>
            </message>
            <full-stacktrace>
              <![CDATA[org.openqa.selenium.JavascriptException: javascript error: Failed to execute 'elementsFromPoint' on 'Document': The provided double value is non-finite.
  (Session info: chrome=83.0.4103.61)
Build info: version: '3.141.59', revision: 'e82be7d358', time: '2018-11-14T08:17:03'
System info: host: 'LAPTOP-P8PITMUG', ip: '192.168.0.16', os.name: 'Windows 10', os.arch: 'amd64', os.version: '10.0', java.version: '1.8.0_241'
Driver info: org.openqa.selenium.chrome.ChromeDriver
Capabilities {acceptInsecureCerts: false, browserName: chrome, browserVersion: 83.0.4103.61, chrome: {chromedriverVersion: 83.0.4103.39 (ccbf011cb2d2b..., userDataDir: C:\Users\hasna\AppData\Loca...}, goog:chromeOptions: {debuggerAddress: localhost:55919}, javascriptEnabled: true, networkConnectionEnabled: false, pageLoadStrategy: normal, platform: WINDOWS, platformName: WINDOWS, proxy: Proxy(), setWindowRect: true, strictFileInteractability: false, timeouts: {implicit: 0, pageLoad: 300000, script: 30000}, unhandledPromptBehavior: dismiss and notify, webauthn:virtualAuthenticators: true}
Session ID: 8a0685fb6a64e98402b3a446d247f536
at sun.reflect.NativeConstructorAccessorImpl.newInstance0(Native Method)
at sun.reflect.NativeConstructorAccessorImpl.newInstance(Unknown Source)
at sun.reflect.DelegatingConstructorAccessorImpl.newInstance(Unknown Source)
at java.lang.reflect.Constructor.newInstance(Unknown Source)
at org.openqa.selenium.remote.http.W3CHttpResponseCodec.createException(W3CHttpResponseCodec.java:187)
at org.openqa.selenium.remote.http.W3CHttpResponseCodec.decode(W3CHttpResponseCodec.java:122)
at org.openqa.selenium.remote.http.W3CHttpResponseCodec.decode(W3CHttpResponseCodec.java:49)
at org.openqa.selenium.remote.HttpCommandExecutor.execute(HttpCommandExecutor.java:158)
at org.openqa.selenium.remote.service.DriverCommandExecutor.execute(DriverCommandExecutor.java:83)
at org.openqa.selenium.remote.RemoteWebDriver.execute(RemoteWebDriver.java:552)
at org.openqa.selenium.remote.RemoteWebDriver.perform(RemoteWebDriver.java:618)
at org.openqa.selenium.interactions.Actions$BuiltAction.perform(Actions.java:639)
at TestCases.TC003_ActionsClass.amazonPractice(TC003_ActionsClass.java:27)
at sun.reflect.NativeMethodAccessorImpl.invoke0(Native Method)
at sun.reflect.NativeMethodAccessorImpl.invoke(Unknown Source)
at sun.reflect.DelegatingMethodAccessorImpl.invoke(Unknown Source)
at java.lang.reflect.Method.invoke(Unknown Source)
at org.testng.internal.MethodInvocationHelper.invokeMethod(MethodInvocationHelper.java:133)
at org.testng.internal.TestInvoker.invokeMethod(TestInvoker.java:584)
at org.testng.internal.TestInvoker.invokeTestMethod(TestInvoker.java:172)
at org.testng.internal.MethodRunner.runInSequence(MethodRunner.java:46)
at org.testng.internal.TestInvoker$MethodInvocationAgent.invoke(TestInvoker.java:804)
at org.testng.internal.TestInvoker.invokeTestMethods(TestInvoker.java:145)
at org.testng.internal.TestMethodWorker.invokeTestMethods(TestMethodWorker.java:146)
at org.testng.internal.TestMethodWorker.run(TestMethodWorker.java:128)
at java.util.ArrayList.forEach(Unknown Source)
at org.testng.TestRunner.privateRun(TestRunner.java:770)
at org.testng.TestRunner.run(TestRunner.java:591)
at org.testng.SuiteRunner.runTest(SuiteRunner.java:402)
at org.testng.SuiteRunner.runSequentially(SuiteRunner.java:396)
at org.testng.SuiteRunner.privateRun(SuiteRunner.java:355)
at org.testng.SuiteRunner.run(SuiteRunner.java:304)
at org.testng.SuiteRunnerWorker.runSuite(SuiteRunnerWorker.java:53)
at org.testng.SuiteRunnerWorker.run(SuiteRunnerWorker.java:96)
at org.testng.TestNG.runSuitesSequentially(TestNG.java:1180)
at org.testng.TestNG.runSuitesLocally(TestNG.java:1102)
at org.testng.TestNG.runSuites(TestNG.java:1032)
at org.testng.TestNG.run(TestNG.java:1000)
at org.testng.remote.AbstractRemoteTestNG.run(AbstractRemoteTestNG.java:115)
at org.testng.remote.RemoteTestNG.initAndRun(RemoteTestNG.java:251)
at org.testng.remote.RemoteTestNG.main(RemoteTestNG.java:77)
]]>
            </full-stacktrace>
          </exception> <!-- org.openqa.selenium.JavascriptException -->
          <reporter-output>
          </reporter-output>
        </test-method> <!-- amazonPractice -->
        <test-method status="PASS" signature="tearDown()[pri:0, instance:TestCases.TC003_ActionsClass@2a17b7b6]" name="tearDown" is-config="true" duration-ms="3002" started-at="2020-05-26T14:37:35 EDT" finished-at="2020-05-26T14:37:38 EDT">
          <reporter-output>
          </reporter-output>
        </test-method> <!-- tearDown -->
      </class> <!-- TestCases.TC003_ActionsClass -->
      <class name="TestCases.ajaira">
        <test-method status="PASS" signature="setUpBrowser()[pri:0, instance:TestCases.ajaira@5d76b067]" name="setUpBrowser" is-config="true" duration-ms="6299" started-at="2020-05-26T14:37:10 EDT" finished-at="2020-05-26T14:37:17 EDT">
          <reporter-output>
          </reporter-output>
        </test-method> <!-- setUpBrowser -->
        <test-method status="PASS" signature="ekkebareajaira()[pri:0, instance:TestCases.ajaira@5d76b067]" name="ekkebareajaira" duration-ms="4678" started-at="2020-05-26T14:37:17 EDT" finished-at="2020-05-26T14:37:21 EDT">
          <reporter-output>
          </reporter-output>
        </test-method> <!-- ekkebareajaira -->
        <test-method status="PASS" signature="tearDown()[pri:0, instance:TestCases.ajaira@5d76b067]" name="tearDown" is-config="true" duration-ms="3001" started-at="2020-05-26T14:37:21 EDT" finished-at="2020-05-26T14:37:24 EDT">
          <reporter-output>
          </reporter-output>
        </test-method> <!-- tearDown -->
      </class> <!-- TestCases.ajaira -->
    </test> <!-- Test -->
  </suite> <!-- Suite -->
</testng-results>
